19:55:19 **** Incremental Build of configuration Nios II for project Math_Training ****
make all 
Info: Building C:/Users/emilio/UNI/Magistrale/Embedded/progetto/Math_Training/Software/Math_Training_bsp/
C:/intelFPGA_lite/16.1/nios2eds/bin/gnu/H-x86_64-mingw32/bin/make --no-print-directory -C C:/Users/emilio/UNI/Magistrale/Embedded/progetto/Math_Training/Software/Math_Training_bsp/
[BSP build complete]
Info: Compiling src/gui.c to obj/default/src/gui.o
nios2-elf-gcc -xc -MP -MMD -c -IC:/Users/emilio/UNI/Magistrale/Embedded/progetto/Math_Training/Software/Math_Training_bsp//HAL/inc -IC:/Users/emilio/UNI/Magistrale/Embedded/progetto/Math_Training/Software/Math_Training_bsp/ -IC:/Users/emilio/UNI/Magistrale/Embedded/progetto/Math_Training/Software/Math_Training_bsp//drivers/inc  -pipe -D__hal__ -DALT_NO_INSTRUCTION_EMULATION -DALT_SINGLE_THREADED    -O0 -g -Wall   -mno-hw-div -mhw-mul -mno-hw-mulx -mgpopt=global  -o obj/default/src/gui.o src/gui.c
src/gui.c: In function 'GUI':
src/gui.c:179:10: warning: variable 'img_ready' set but not used [-Wunused-but-set-variable]
     bool img_ready;
          ^
Info: Linking Math_Training.elf
nios2-elf-g++  -T'C:/Users/emilio/UNI/Magistrale/Embedded/progetto/Math_Training/Software/Math_Training_bsp//linker.x' -msys-crt0='C:/Users/emilio/UNI/Magistrale/Embedded/progetto/Math_Training/Software/Math_Training_bsp//obj/HAL/src/crt0.o' -msys-lib=hal_bsp -LC:/Users/emilio/UNI/Magistrale/Embedded/progetto/Math_Training/Software/Math_Training_bsp/   -Wl,-Map=Math_Training.map   -O0 -g -Wall   -mno-hw-div -mhw-mul -mno-hw-mulx -mgpopt=global  -o Math_Training.elf obj/default/main.o obj/default/src/1lnn.o obj/default/src/LCD.o obj/default/src/geometry.o obj/default/src/gui.o obj/default/src/mnist-utils.o obj/default/src/simple_graphics.o obj/default/src/simple_text.o obj/default/src/tahomabold_20.o obj/default/src/tahomabold_32.o obj/default/src/touch_spi.o obj/default/src/weights.o -lm -msys-lib=m
nios2-elf-insert Math_Training.elf --thread_model hal --cpu_name nios2_gen2 --qsys true --simulation_enabled false --id 1 --sidp 0x10000a0 --timestamp 1525870912 --stderr_dev jtag_uart_0 --stdin_dev jtag_uart_0 --stdout_dev jtag_uart_0 --sopc_system_name DE10_Lite_SOPC --quartus_project_dir "c:/Users/emilio/UNI/Magistrale/Embedded/progetto/Math_Training/SopC" --sopcinfo C:/Users/emilio/UNI/Magistrale/Embedded/progetto/Math_Training/SopC/DE10_Lite_SOPC.sopcinfo
Info: (Math_Training.elf) 392 KBytes program size (code + initialized data).
Info:                     61033 KBytes free for stack + heap.
Info: Creating Math_Training.objdump
nios2-elf-objdump --disassemble --syms --all-header --source Math_Training.elf >Math_Training.objdump
[Math_Training build complete]

19:55:21 Build Finished (took 1s.815ms)

